<?xml version="1.0" encoding="UTF-8"?>
<!-- Generated by org.testng.reporters.JUnitReportReporter -->
<testsuite skipped="0" hostname="Humaira" name="com.nopcommerce.demo.testsuite.ComputerTest" tests="1" failures="0" timestamp="2022-12-12T20:20:24 GMT" time="34.223" errors="0">
  <testcase name="verifyProductAddedToShoppingCartSuccessFully" time="34.223" classname="com.nopcommerce.demo.testsuite.ComputerTest"/>
  <system-out/>
</testsuite> <!-- com.nopcommerce.demo.testsuite.ComputerTest -->
