<?xml version="1.0" encoding="UTF-8"?>
<!-- Generated by org.testng.reporters.JUnitReportReporter -->
<testsuite skipped="0" hostname="Humaira" name="com.nopcommerce.demo.testsuite.HomePageTest" tests="1" failures="0" timestamp="2022-12-12T20:17:13 GMT" time="13.195" errors="0">
  <testcase name="verifyPageNavigation" time="13.195" classname="com.nopcommerce.demo.testsuite.HomePageTest"/>
  <system-out/>
</testsuite> <!-- com.nopcommerce.demo.testsuite.HomePageTest -->
